<?xml version="1.0" encoding="UTF-8"?>
<testsuite xmlns:xsi="http://www.w3.org/2001/XMLSchema-instance" xsi:noNamespaceSchemaLocation="https://maven.apache.org/surefire/maven-surefire-plugin/xsd/surefire-test-report.xsd" version="3.0.2" name="com.talant.bootcamp.booksservice.controller.BookControllerTest" time="0.785" tests="21" errors="0" skipped="0" failures="0">
  <properties>
[...]
</properties>
  <testcase name="shouldGetBooksWithStock" classname="com.talant.bootcamp.booksservice.controller.BookControllerTest" time="0.082">
    <system-out><![CDATA[2025-07-18T08:05:18.218+02:00  INFO 31175 --- [demoservice] [           main] t.c.s.AnnotationConfigContextLoaderUtils : Could not detect default configuration classes for test class [com.talant.bootcamp.booksservice.controller.BookControllerTest]: BookControllerTest does not declare any static, non-private, non-final, nested classes annotated with @Configuration.
2025-07-18T08:05:18.231+02:00  INFO 31175 --- [demoservice] [           main] .b.t.c.SpringBootTestContextBootstrapper : Found @SpringBootConfiguration com.talant.bootcamp.booksservice.BooksserviceApplication for test class com.talant.bootcamp.booksservice.controller.BookControllerTest

  .   ____          _            __ _ _
 /\\ / ___'_ __ _ _(_)_ __  __ _ \ \ \ \
( ( )\___ | '_ | '_| | '_ \/ _` | \ \ \ \
 \\/  ___)| |_)| | | | | || (_| |  ) ) ) )
  '  |____| .__|_| |_|_| |_\__, | / / / /
 =========|_|==============|___/=/_/_/_/

 :: Spring Boot ::                (v3.5.3)

2025-07-18T08:05:18.246+02:00  INFO 31175 --- [demoservice] [           main] c.t.b.b.controller.BookControllerTest    : Starting BookControllerTest using Java 21.0.7 with PID 31175 (started by davidbolet in /Users/davidbolet/development/TDD_Course/Sessions/Sesion05_BookService)
2025-07-18T08:05:18.246+02:00  INFO 31175 --- [demoservice] [           main] c.t.b.b.controller.BookControllerTest    : No active profile set, falling back to 1 default profile: "default"
2025-07-18T08:05:18.247+02:00 DEBUG 31175 --- [demoservice] [           main] o.s.w.c.s.GenericWebApplicationContext   : Refreshing org.springframework.web.context.support.GenericWebApplicationContext@51355836
2025-07-18T08:05:18.579+02:00 DEBUG 31175 --- [demoservice] [           main] s.w.s.m.m.a.RequestMappingHandlerMapping : 27 mappings in 'requestMappingHandlerMapping'
2025-07-18T08:05:18.612+02:00 DEBUG 31175 --- [demoservice] [           main] o.s.w.s.handler.SimpleUrlHandlerMapping  : Patterns [/webjars/**, /**] in 'resourceHandlerMapping'
2025-07-18T08:05:18.621+02:00 DEBUG 31175 --- [demoservice] [           main] s.w.s.m.m.a.RequestMappingHandlerAdapter : ControllerAdvice beans: 0 @ModelAttribute, 0 @InitBinder, 1 RequestBodyAdvice, 1 ResponseBodyAdvice
2025-07-18T08:05:18.628+02:00 DEBUG 31175 --- [demoservice] [           main] .m.m.a.ExceptionHandlerExceptionResolver : ControllerAdvice beans: 1 @ExceptionHandler, 1 ResponseBodyAdvice
2025-07-18T08:05:18.649+02:00  INFO 31175 --- [demoservice] [           main] o.s.b.t.m.w.SpringBootMockServletContext : Initializing Spring TestDispatcherServlet ''
2025-07-18T08:05:18.649+02:00  INFO 31175 --- [demoservice] [           main] o.s.t.web.servlet.TestDispatcherServlet  : Initializing Servlet ''
2025-07-18T08:05:18.650+02:00  INFO 31175 --- [demoservice] [           main] o.s.t.web.servlet.TestDispatcherServlet  : Completed initialization in 1 ms
2025-07-18T08:05:18.667+02:00  INFO 31175 --- [demoservice] [           main] c.t.b.b.controller.BookControllerTest    : Started BookControllerTest in 0.434 seconds (process running for 9.515)
2025-07-18T08:05:18.719+02:00 DEBUG 31175 --- [demoservice] [           main] s.w.s.m.m.a.RequestMappingHandlerMapping : Mapped to com.talant.bootcamp.booksservice.controller.BookController#getBooksWithStock()
2025-07-18T08:05:18.737+02:00 DEBUG 31175 --- [demoservice] [           main] o.s.w.s.m.m.a.HttpEntityMethodProcessor  : Using 'application/json', given [*/*] and supported [application/json, application/*+json]
2025-07-18T08:05:18.740+02:00 DEBUG 31175 --- [demoservice] [           main] o.s.w.s.m.m.a.HttpEntityMethodProcessor  : Writing [[BookResponse{id=1, title='Test Book', author='Test Author', isbn='1234567890', description='Test De (truncated)...]
]]></system-out>
  </testcase>
  <testcase name="shouldUpdateBook" classname="com.talant.bootcamp.booksservice.controller.BookControllerTest" time="0.033">
    <system-out><![CDATA[2025-07-18T08:05:18.766+02:00 DEBUG 31175 --- [demoservice] [           main] s.w.s.m.m.a.RequestMappingHandlerMapping : Mapped to com.talant.bootcamp.booksservice.controller.BookController#updateBook(Long, BookRequest)
2025-07-18T08:05:18.770+02:00 DEBUG 31175 --- [demoservice] [           main] m.m.a.RequestResponseBodyMethodProcessor : Read "application/json;charset=UTF-8" to [BookRequest{title='Test Book', author='Test Author', isbn='1234567890', description='Test Descriptio (truncated)...]
2025-07-18T08:05:18.784+02:00 DEBUG 31175 --- [demoservice] [           main] o.s.w.s.m.m.a.HttpEntityMethodProcessor  : Using 'application/json', given [*/*] and supported [application/json, application/*+json]
2025-07-18T08:05:18.785+02:00 DEBUG 31175 --- [demoservice] [           main] o.s.w.s.m.m.a.HttpEntityMethodProcessor  : Writing [BookResponse{id=1, title='Test Book', author='Test Author', isbn='1234567890', description='Test Des (truncated)...]
]]></system-out>
  </testcase>
  <testcase name="shouldGetBooksByTitle" classname="com.talant.bootcamp.booksservice.controller.BookControllerTest" time="0.009">
    <system-out><![CDATA[2025-07-18T08:05:18.795+02:00 DEBUG 31175 --- [demoservice] [           main] s.w.s.m.m.a.RequestMappingHandlerMapping : Mapped to com.talant.bootcamp.booksservice.controller.BookController#getBooksByTitle(String)
2025-07-18T08:05:18.797+02:00 DEBUG 31175 --- [demoservice] [           main] o.s.w.s.m.m.a.HttpEntityMethodProcessor  : Using 'application/json', given [*/*] and supported [application/json, application/*+json]
2025-07-18T08:05:18.797+02:00 DEBUG 31175 --- [demoservice] [           main] o.s.w.s.m.m.a.HttpEntityMethodProcessor  : Writing [[BookResponse{id=1, title='Test Book', author='Test Author', isbn='1234567890', description='Test De (truncated)...]
]]></system-out>
  </testcase>
  <testcase name="shouldGetBooksByCategory" classname="com.talant.bootcamp.booksservice.controller.BookControllerTest" time="0.01">
    <system-out><![CDATA[2025-07-18T08:05:18.806+02:00 DEBUG 31175 --- [demoservice] [           main] s.w.s.m.m.a.RequestMappingHandlerMapping : Mapped to com.talant.bootcamp.booksservice.controller.BookController#getBooksByCategory(BookCategory)
2025-07-18T08:05:18.809+02:00 DEBUG 31175 --- [demoservice] [           main] o.s.w.s.m.m.a.HttpEntityMethodProcessor  : Using 'application/json', given [*/*] and supported [application/json, application/*+json]
2025-07-18T08:05:18.810+02:00 DEBUG 31175 --- [demoservice] [           main] o.s.w.s.m.m.a.HttpEntityMethodProcessor  : Writing [[BookResponse{id=1, title='Test Book', author='Test Author', isbn='1234567890', description='Test De (truncated)...]
]]></system-out>
  </testcase>
  <testcase name="shouldCheckIfBookExistsByIsbn" classname="com.talant.bootcamp.booksservice.controller.BookControllerTest" time="0.013">
    <system-out><![CDATA[2025-07-18T08:05:18.818+02:00 DEBUG 31175 --- [demoservice] [           main] s.w.s.m.m.a.RequestMappingHandlerMapping : Mapped to com.talant.bootcamp.booksservice.controller.BookController#existsByIsbn(String)
2025-07-18T08:05:18.820+02:00 DEBUG 31175 --- [demoservice] [           main] o.s.w.s.m.m.a.HttpEntityMethodProcessor  : Using 'application/json', given [*/*] and supported [application/json, application/*+json]
2025-07-18T08:05:18.820+02:00 DEBUG 31175 --- [demoservice] [           main] o.s.w.s.m.m.a.HttpEntityMethodProcessor  : Writing [true]
]]></system-out>
  </testcase>
  <testcase name="shouldValidatePositivePrice" classname="com.talant.bootcamp.booksservice.controller.BookControllerTest" time="0.018">
    <system-out><![CDATA[2025-07-18T08:05:18.832+02:00 DEBUG 31175 --- [demoservice] [           main] s.w.s.m.m.a.RequestMappingHandlerMapping : Mapped to com.talant.bootcamp.booksservice.controller.BookController#createBook(BookRequest)
2025-07-18T08:05:18.834+02:00 DEBUG 31175 --- [demoservice] [           main] m.m.a.RequestResponseBodyMethodProcessor : Read "application/json;charset=UTF-8" to [BookRequest{title='Test Book', author='Test Author', isbn='1234567890', description='Test Descriptio (truncated)...]
2025-07-18T08:05:18.837+02:00 DEBUG 31175 --- [demoservice] [           main] .m.m.a.ExceptionHandlerExceptionResolver : Using @ExceptionHandler com.talant.bootcamp.booksservice.exception.GlobalExceptionHandler#handleValidationExceptions(MethodArgumentNotValidException)
2025-07-18T08:05:18.840+02:00 DEBUG 31175 --- [demoservice] [           main] o.s.w.s.m.m.a.HttpEntityMethodProcessor  : Using 'application/json', given [*/*] and supported [application/json, application/*+json]
2025-07-18T08:05:18.840+02:00 DEBUG 31175 --- [demoservice] [           main] o.s.w.s.m.m.a.HttpEntityMethodProcessor  : Writing [com.talant.bootcamp.booksservice.exception.GlobalExceptionHandler$ErrorResponse@2997f029]
2025-07-18T08:05:18.843+02:00 DEBUG 31175 --- [demoservice] [           main] .m.m.a.ExceptionHandlerExceptionResolver : Resolved [org.springframework.web.bind.MethodArgumentNotValidException: Validation failed for argument [0] in public org.springframework.http.ResponseEntity<com.talant.bootcamp.booksservice.dto.BookResponse> com.talant.bootcamp.booksservice.controller.BookController.createBook(com.talant.bootcamp.booksservice.dto.BookRequest): [Field error in object 'bookRequest' on field 'price': rejected value [-10.00]; codes [DecimalMin.bookRequest.price,DecimalMin.price,DecimalMin.java.math.BigDecimal,DecimalMin]; arguments [org.springframework.context.support.DefaultMessageSourceResolvable: codes [bookRequest.price,price]; arguments []; default message [price],false,0.0]; default message [Price must be greater than 0]] ]
]]></system-out>
  </testcase>
  <testcase name="shouldGetCategories" classname="com.talant.bootcamp.booksservice.controller.BookControllerTest" time="0.008">
    <system-out><![CDATA[2025-07-18T08:05:18.849+02:00 DEBUG 31175 --- [demoservice] [           main] s.w.s.m.m.a.RequestMappingHandlerMapping : Mapped to com.talant.bootcamp.booksservice.controller.BookController#getCategories()
2025-07-18T08:05:18.850+02:00 DEBUG 31175 --- [demoservice] [           main] o.s.w.s.m.m.a.HttpEntityMethodProcessor  : Using 'application/json', given [*/*] and supported [application/json, application/*+json]
2025-07-18T08:05:18.851+02:00 DEBUG 31175 --- [demoservice] [           main] o.s.w.s.m.m.a.HttpEntityMethodProcessor  : Writing [{Fiction, Non-Fiction, Science Fiction, Fantasy, Mystery, Thriller, Romance, Biography, History, Sci (truncated)...]
]]></system-out>
  </testcase>
  <testcase name="shouldValidateNonNegativeStock" classname="com.talant.bootcamp.booksservice.controller.BookControllerTest" time="0.011">
    <system-out><![CDATA[2025-07-18T08:05:18.861+02:00 DEBUG 31175 --- [demoservice] [           main] s.w.s.m.m.a.RequestMappingHandlerMapping : Mapped to com.talant.bootcamp.booksservice.controller.BookController#createBook(BookRequest)
2025-07-18T08:05:18.862+02:00 DEBUG 31175 --- [demoservice] [           main] m.m.a.RequestResponseBodyMethodProcessor : Read "application/json;charset=UTF-8" to [BookRequest{title='Test Book', author='Test Author', isbn='1234567890', description='Test Descriptio (truncated)...]
2025-07-18T08:05:18.863+02:00 DEBUG 31175 --- [demoservice] [           main] .m.m.a.ExceptionHandlerExceptionResolver : Using @ExceptionHandler com.talant.bootcamp.booksservice.exception.GlobalExceptionHandler#handleValidationExceptions(MethodArgumentNotValidException)
2025-07-18T08:05:18.863+02:00 DEBUG 31175 --- [demoservice] [           main] o.s.w.s.m.m.a.HttpEntityMethodProcessor  : Using 'application/json', given [*/*] and supported [application/json, application/*+json]
2025-07-18T08:05:18.863+02:00 DEBUG 31175 --- [demoservice] [           main] o.s.w.s.m.m.a.HttpEntityMethodProcessor  : Writing [com.talant.bootcamp.booksservice.exception.GlobalExceptionHandler$ErrorResponse@691d1a65]
2025-07-18T08:05:18.864+02:00 DEBUG 31175 --- [demoservice] [           main] .m.m.a.ExceptionHandlerExceptionResolver : Resolved [org.springframework.web.bind.MethodArgumentNotValidException: Validation failed for argument [0] in public org.springframework.http.ResponseEntity<com.talant.bootcamp.booksservice.dto.BookResponse> com.talant.bootcamp.booksservice.controller.BookController.createBook(com.talant.bootcamp.booksservice.dto.BookRequest): [Field error in object 'bookRequest' on field 'stock': rejected value [-5]; codes [Min.bookRequest.stock,Min.stock,Min.java.lang.Integer,Min]; arguments [org.springframework.context.support.DefaultMessageSourceResolvable: codes [bookRequest.stock,stock]; arguments []; default message [stock],0]; default message [Stock must be greater than 0]] ]
]]></system-out>
  </testcase>
  <testcase name="shouldGetBooksOutOfStock" classname="com.talant.bootcamp.booksservice.controller.BookControllerTest" time="0.007">
    <system-out><![CDATA[2025-07-18T08:05:18.871+02:00 DEBUG 31175 --- [demoservice] [           main] s.w.s.m.m.a.RequestMappingHandlerMapping : Mapped to com.talant.bootcamp.booksservice.controller.BookController#getBooksOutOfStock()
2025-07-18T08:05:18.872+02:00 DEBUG 31175 --- [demoservice] [           main] o.s.w.s.m.m.a.HttpEntityMethodProcessor  : Using 'application/json', given [*/*] and supported [application/json, application/*+json]
2025-07-18T08:05:18.872+02:00 DEBUG 31175 --- [demoservice] [           main] o.s.w.s.m.m.a.HttpEntityMethodProcessor  : Writing [[BookResponse{id=1, title='Test Book', author='Test Author', isbn='1234567890', description='Test De (truncated)...]
]]></system-out>
  </testcase>
  <testcase name="shouldUpdateStock" classname="com.talant.bootcamp.booksservice.controller.BookControllerTest" time="0.006">
    <system-out><![CDATA[2025-07-18T08:05:18.879+02:00 DEBUG 31175 --- [demoservice] [           main] s.w.s.m.m.a.RequestMappingHandlerMapping : Mapped to com.talant.bootcamp.booksservice.controller.BookController#updateStock(Long, Integer)
2025-07-18T08:05:18.880+02:00 DEBUG 31175 --- [demoservice] [           main] o.s.w.s.m.m.a.HttpEntityMethodProcessor  : Using 'application/json', given [*/*] and supported [application/json, application/*+json]
2025-07-18T08:05:18.881+02:00 DEBUG 31175 --- [demoservice] [           main] o.s.w.s.m.m.a.HttpEntityMethodProcessor  : Writing [BookResponse{id=1, title='Test Book', author='Test Author', isbn='1234567890', description='Test Des (truncated)...]
]]></system-out>
  </testcase>
  <testcase name="shouldCreateBook" classname="com.talant.bootcamp.booksservice.controller.BookControllerTest" time="0.012">
    <system-out><![CDATA[2025-07-18T08:05:18.893+02:00 DEBUG 31175 --- [demoservice] [           main] s.w.s.m.m.a.RequestMappingHandlerMapping : Mapped to com.talant.bootcamp.booksservice.controller.BookController#createBook(BookRequest)
2025-07-18T08:05:18.893+02:00 DEBUG 31175 --- [demoservice] [           main] m.m.a.RequestResponseBodyMethodProcessor : Read "application/json;charset=UTF-8" to [BookRequest{title='Test Book', author='Test Author', isbn='1234567890', description='Test Descriptio (truncated)...]
2025-07-18T08:05:18.894+02:00 DEBUG 31175 --- [demoservice] [           main] o.s.w.s.m.m.a.HttpEntityMethodProcessor  : Using 'application/json', given [*/*] and supported [application/json, application/*+json]
2025-07-18T08:05:18.895+02:00 DEBUG 31175 --- [demoservice] [           main] o.s.w.s.m.m.a.HttpEntityMethodProcessor  : Writing [BookResponse{id=1, title='Test Book', author='Test Author', isbn='1234567890', description='Test Des (truncated)...]
]]></system-out>
  </testcase>
  <testcase name="shouldGetAllBooks" classname="com.talant.bootcamp.booksservice.controller.BookControllerTest" time="0.007">
    <system-out><![CDATA[2025-07-18T08:05:18.902+02:00 DEBUG 31175 --- [demoservice] [           main] s.w.s.m.m.a.RequestMappingHandlerMapping : Mapped to com.talant.bootcamp.booksservice.controller.BookController#getAllBooks()
2025-07-18T08:05:18.903+02:00 DEBUG 31175 --- [demoservice] [           main] o.s.w.s.m.m.a.HttpEntityMethodProcessor  : Using 'application/json', given [*/*] and supported [application/json, application/*+json]
2025-07-18T08:05:18.903+02:00 DEBUG 31175 --- [demoservice] [           main] o.s.w.s.m.m.a.HttpEntityMethodProcessor  : Writing [[BookResponse{id=1, title='Test Book', author='Test Author', isbn='1234567890', description='Test De (truncated)...]
]]></system-out>
  </testcase>
  <testcase name="shouldGetBookByIsbn" classname="com.talant.bootcamp.booksservice.controller.BookControllerTest" time="0.008">
    <system-out><![CDATA[2025-07-18T08:05:18.911+02:00 DEBUG 31175 --- [demoservice] [           main] s.w.s.m.m.a.RequestMappingHandlerMapping : Mapped to com.talant.bootcamp.booksservice.controller.BookController#getBookByIsbn(String)
2025-07-18T08:05:18.912+02:00 DEBUG 31175 --- [demoservice] [           main] o.s.w.s.m.m.a.HttpEntityMethodProcessor  : Using 'application/json', given [*/*] and supported [application/json, application/*+json]
2025-07-18T08:05:18.912+02:00 DEBUG 31175 --- [demoservice] [           main] o.s.w.s.m.m.a.HttpEntityMethodProcessor  : Writing [BookResponse{id=1, title='Test Book', author='Test Author', isbn='1234567890', description='Test Des (truncated)...]
]]></system-out>
  </testcase>
  <testcase name="shouldGetBookById" classname="com.talant.bootcamp.booksservice.controller.BookControllerTest" time="0.008">
    <system-out><![CDATA[2025-07-18T08:05:18.920+02:00 DEBUG 31175 --- [demoservice] [           main] s.w.s.m.m.a.RequestMappingHandlerMapping : Mapped to com.talant.bootcamp.booksservice.controller.BookController#getBookById(Long)
2025-07-18T08:05:18.921+02:00 DEBUG 31175 --- [demoservice] [           main] o.s.w.s.m.m.a.HttpEntityMethodProcessor  : Using 'application/json', given [*/*] and supported [application/json, application/*+json]
2025-07-18T08:05:18.921+02:00 DEBUG 31175 --- [demoservice] [           main] o.s.w.s.m.m.a.HttpEntityMethodProcessor  : Writing [BookResponse{id=1, title='Test Book', author='Test Author', isbn='1234567890', description='Test Des (truncated)...]
]]></system-out>
  </testcase>
  <testcase name="shouldHandleDuplicateIsbnException" classname="com.talant.bootcamp.booksservice.controller.BookControllerTest" time="0.014">
    <system-out><![CDATA[2025-07-18T08:05:18.934+02:00 DEBUG 31175 --- [demoservice] [           main] s.w.s.m.m.a.RequestMappingHandlerMapping : Mapped to com.talant.bootcamp.booksservice.controller.BookController#createBook(BookRequest)
2025-07-18T08:05:18.935+02:00 DEBUG 31175 --- [demoservice] [           main] m.m.a.RequestResponseBodyMethodProcessor : Read "application/json;charset=UTF-8" to [BookRequest{title='Test Book', author='Test Author', isbn='1234567890', description='Test Descriptio (truncated)...]
2025-07-18T08:05:18.937+02:00 DEBUG 31175 --- [demoservice] [           main] .m.m.a.ExceptionHandlerExceptionResolver : Using @ExceptionHandler com.talant.bootcamp.booksservice.exception.GlobalExceptionHandler#handleDuplicateIsbnException(DuplicateIsbnException)
2025-07-18T08:05:18.937+02:00 DEBUG 31175 --- [demoservice] [           main] o.s.w.s.m.m.a.HttpEntityMethodProcessor  : Using 'application/json', given [*/*] and supported [application/json, application/*+json]
2025-07-18T08:05:18.937+02:00 DEBUG 31175 --- [demoservice] [           main] o.s.w.s.m.m.a.HttpEntityMethodProcessor  : Writing [com.talant.bootcamp.booksservice.exception.GlobalExceptionHandler$ErrorResponse@3010c0fa]
2025-07-18T08:05:18.938+02:00 DEBUG 31175 --- [demoservice] [           main] .m.m.a.ExceptionHandlerExceptionResolver : Resolved [com.talant.bootcamp.booksservice.exception.DuplicateIsbnException: A book with ISBN 1234567890 already exists]
]]></system-out>
  </testcase>
  <testcase name="shouldDeleteBook" classname="com.talant.bootcamp.booksservice.controller.BookControllerTest" time="0.008">
    <system-out><![CDATA[2025-07-18T08:05:18.946+02:00 DEBUG 31175 --- [demoservice] [           main] s.w.s.m.m.a.RequestMappingHandlerMapping : Mapped to com.talant.bootcamp.booksservice.controller.BookController#deleteBook(Long)
2025-07-18T08:05:18.948+02:00 DEBUG 31175 --- [demoservice] [           main] o.s.w.s.m.m.a.HttpEntityMethodProcessor  : Using 'application/json', given [*/*] and supported [application/json, application/*+json]
2025-07-18T08:05:18.948+02:00 DEBUG 31175 --- [demoservice] [           main] o.s.w.s.m.m.a.HttpEntityMethodProcessor  : Nothing to write: null body
]]></system-out>
  </testcase>
  <testcase name="shouldGetBooksByAuthor" classname="com.talant.bootcamp.booksservice.controller.BookControllerTest" time="0.008">
    <system-out><![CDATA[2025-07-18T08:05:18.955+02:00 DEBUG 31175 --- [demoservice] [           main] s.w.s.m.m.a.RequestMappingHandlerMapping : Mapped to com.talant.bootcamp.booksservice.controller.BookController#getBooksByAuthor(String)
2025-07-18T08:05:18.956+02:00 DEBUG 31175 --- [demoservice] [           main] o.s.w.s.m.m.a.HttpEntityMethodProcessor  : Using 'application/json', given [*/*] and supported [application/json, application/*+json]
2025-07-18T08:05:18.956+02:00 DEBUG 31175 --- [demoservice] [           main] o.s.w.s.m.m.a.HttpEntityMethodProcessor  : Writing [[BookResponse{id=1, title='Test Book', author='Test Author', isbn='1234567890', description='Test De (truncated)...]
]]></system-out>
  </testcase>
  <testcase name="shouldHandleBookNotFoundException" classname="com.talant.bootcamp.booksservice.controller.BookControllerTest" time="0.006">
    <system-out><![CDATA[2025-07-18T08:05:18.963+02:00 DEBUG 31175 --- [demoservice] [           main] s.w.s.m.m.a.RequestMappingHandlerMapping : Mapped to com.talant.bootcamp.booksservice.controller.BookController#getBookById(Long)
2025-07-18T08:05:18.964+02:00 DEBUG 31175 --- [demoservice] [           main] .m.m.a.ExceptionHandlerExceptionResolver : Using @ExceptionHandler com.talant.bootcamp.booksservice.exception.GlobalExceptionHandler#handleBookNotFoundException(BookNotFoundException)
2025-07-18T08:05:18.964+02:00 DEBUG 31175 --- [demoservice] [           main] o.s.w.s.m.m.a.HttpEntityMethodProcessor  : Using 'application/json', given [*/*] and supported [application/json, application/*+json]
2025-07-18T08:05:18.964+02:00 DEBUG 31175 --- [demoservice] [           main] o.s.w.s.m.m.a.HttpEntityMethodProcessor  : Writing [com.talant.bootcamp.booksservice.exception.GlobalExceptionHandler$ErrorResponse@313b0b1e]
2025-07-18T08:05:18.965+02:00 DEBUG 31175 --- [demoservice] [           main] .m.m.a.ExceptionHandlerExceptionResolver : Resolved [com.talant.bootcamp.booksservice.exception.BookNotFoundException: Book not found with ID: 999]
]]></system-out>
  </testcase>
  <testcase name="shouldValidateIsbnFormat" classname="com.talant.bootcamp.booksservice.controller.BookControllerTest" time="0.01">
    <system-out><![CDATA[2025-07-18T08:05:18.972+02:00 DEBUG 31175 --- [demoservice] [           main] s.w.s.m.m.a.RequestMappingHandlerMapping : Mapped to com.talant.bootcamp.booksservice.controller.BookController#createBook(BookRequest)
2025-07-18T08:05:18.973+02:00 DEBUG 31175 --- [demoservice] [           main] m.m.a.RequestResponseBodyMethodProcessor : Read "application/json;charset=UTF-8" to [BookRequest{title='Test Book', author='Test Author', isbn='invalid-isbn', description='Test Descript (truncated)...]
2025-07-18T08:05:18.975+02:00 DEBUG 31175 --- [demoservice] [           main] .m.m.a.ExceptionHandlerExceptionResolver : Using @ExceptionHandler com.talant.bootcamp.booksservice.exception.GlobalExceptionHandler#handleValidationExceptions(MethodArgumentNotValidException)
2025-07-18T08:05:18.976+02:00 DEBUG 31175 --- [demoservice] [           main] o.s.w.s.m.m.a.HttpEntityMethodProcessor  : Using 'application/json', given [*/*] and supported [application/json, application/*+json]
2025-07-18T08:05:18.976+02:00 DEBUG 31175 --- [demoservice] [           main] o.s.w.s.m.m.a.HttpEntityMethodProcessor  : Writing [com.talant.bootcamp.booksservice.exception.GlobalExceptionHandler$ErrorResponse@6d14da2c]
2025-07-18T08:05:18.977+02:00 DEBUG 31175 --- [demoservice] [           main] .m.m.a.ExceptionHandlerExceptionResolver : Resolved [org.springframework.web.bind.MethodArgumentNotValidException: Validation failed for argument [0] in public org.springframework.http.ResponseEntity<com.talant.bootcamp.booksservice.dto.BookResponse> com.talant.bootcamp.booksservice.controller.BookController.createBook(com.talant.bootcamp.booksservice.dto.BookRequest): [Field error in object 'bookRequest' on field 'isbn': rejected value [invalid-isbn]; codes [Pattern.bookRequest.isbn,Pattern.isbn,Pattern.java.lang.String,Pattern]; arguments [org.springframework.context.support.DefaultMessageSourceResolvable: codes [bookRequest.isbn,isbn]; arguments []; default message [isbn],[Ljakarta.validation.constraints.Pattern$Flag;@388f2bf9,^(?:[0-9]{10}|[0-9]{13})$]; default message [ISBN must be 10 or 13 digits]] ]
]]></system-out>
  </testcase>
  <testcase name="shouldSearchBooksByText" classname="com.talant.bootcamp.booksservice.controller.BookControllerTest" time="0.007">
    <system-out><![CDATA[2025-07-18T08:05:18.982+02:00 DEBUG 31175 --- [demoservice] [           main] s.w.s.m.m.a.RequestMappingHandlerMapping : Mapped to com.talant.bootcamp.booksservice.controller.BookController#searchBooks(String)
2025-07-18T08:05:18.983+02:00 DEBUG 31175 --- [demoservice] [           main] o.s.w.s.m.m.a.HttpEntityMethodProcessor  : Using 'application/json', given [*/*] and supported [application/json, application/*+json]
2025-07-18T08:05:18.983+02:00 DEBUG 31175 --- [demoservice] [           main] o.s.w.s.m.m.a.HttpEntityMethodProcessor  : Writing [[BookResponse{id=1, title='Test Book', author='Test Author', isbn='1234567890', description='Test De (truncated)...]
]]></system-out>
  </testcase>
  <testcase name="shouldValidateRequiredFields" classname="com.talant.bootcamp.booksservice.controller.BookControllerTest" time="0.012">
    <system-out><![CDATA[2025-07-18T08:05:18.993+02:00 DEBUG 31175 --- [demoservice] [           main] s.w.s.m.m.a.RequestMappingHandlerMapping : Mapped to com.talant.bootcamp.booksservice.controller.BookController#createBook(BookRequest)
2025-07-18T08:05:18.994+02:00 DEBUG 31175 --- [demoservice] [           main] m.m.a.RequestResponseBodyMethodProcessor : Read "application/json;charset=UTF-8" to [BookRequest{title='null', author='null', isbn='null', description='null', price=null, stock=null, ca (truncated)...]
2025-07-18T08:05:18.995+02:00 DEBUG 31175 --- [demoservice] [           main] .m.m.a.ExceptionHandlerExceptionResolver : Using @ExceptionHandler com.talant.bootcamp.booksservice.exception.GlobalExceptionHandler#handleValidationExceptions(MethodArgumentNotValidException)
2025-07-18T08:05:18.995+02:00 DEBUG 31175 --- [demoservice] [           main] o.s.w.s.m.m.a.HttpEntityMethodProcessor  : Using 'application/json', given [*/*] and supported [application/json, application/*+json]
2025-07-18T08:05:18.995+02:00 DEBUG 31175 --- [demoservice] [           main] o.s.w.s.m.m.a.HttpEntityMethodProcessor  : Writing [com.talant.bootcamp.booksservice.exception.GlobalExceptionHandler$ErrorResponse@5a5b55e5]
2025-07-18T08:05:18.997+02:00 DEBUG 31175 --- [demoservice] [           main] .m.m.a.ExceptionHandlerExceptionResolver : Resolved [org.springframework.web.bind.MethodArgumentNotValidException: Validation failed for argument [0] in public org.springframework.http.ResponseEntity<com.talant.bootcamp.booksservice.dto.BookResponse> com.talant.bootcamp.booksservice.controller.BookController.createBook(com.talant.bootcamp.booksservice.dto.BookRequest) with 6 errors: [Field error in object 'bookRequest' on field 'isbn': rejected value [null]; codes [NotBlank.bookRequest.isbn,NotBlank.isbn,NotBlank.java.lang.String,NotBlank]; arguments [org.springframework.context.support.DefaultMessageSourceResolvable: codes [bookRequest.isbn,isbn]; arguments []; default message [isbn]]; default message [ISBN is required]] [Field error in object 'bookRequest' on field 'author': rejected value [null]; codes [NotBlank.bookRequest.author,NotBlank.author,NotBlank.java.lang.String,NotBlank]; arguments [org.springframework.context.support.DefaultMessageSourceResolvable: codes [bookRequest.author,author]; arguments []; default message [author]]; default message [Author is required]] [Field error in object 'bookRequest' on field 'category': rejected value [null]; codes [NotNull.bookRequest.category,NotNull.category,NotNull.com.talant.bootcamp.booksservice.model.BookCategory,NotNull]; arguments [org.springframework.context.support.DefaultMessageSourceResolvable: codes [bookRequest.category,category]; arguments []; default message [category]]; default message [Category is required]] [Field error in object 'bookRequest' on field 'stock': rejected value [null]; codes [NotNull.bookRequest.stock,NotNull.stock,NotNull.java.lang.Integer,NotNull]; arguments [org.springframework.context.support.DefaultMessageSourceResolvable: codes [bookRequest.stock,stock]; arguments []; default message [stock]]; default message [Stock is required]] [Field error in object 'bookRequest' on field 'price': rejected value [null]; codes [NotNull.bookRequest.price,NotNull.price,NotNull.java.math.BigDecimal,NotNull]; arguments [org.springframework.context.support.DefaultMessageSourceResolvable: codes [bookRequest.price,price]; arguments []; default message [price]]; default message [Price is required]] [Field error in object 'bookRequest' on field 'title': rejected value [null]; codes [NotBlank.bookRequest.title,NotBlank.title,NotBlank.java.lang.String,NotBlank]; arguments [org.springframework.context.support.DefaultMessageSourceResolvable: codes [bookRequest.title,title]; arguments []; default message [title]]; default message [Title is required]] ]
]]></system-out>
  </testcase>
</testsuite>